Determining if the include file io.h exists failed with the following output:
Change Dir: /home/zaverichintan/Downloads/file-video-stream/OpenCV/opencv-2.4.10/build/CMakeFiles/CMakeTmp

Run Build Command:"/usr/bin/make" "cmTC_0677b/fast"
/usr/bin/make -f CMakeFiles/cmTC_0677b.dir/build.make CMakeFiles/cmTC_0677b.dir/build
make[1]: Entering directory '/home/zaverichintan/Downloads/file-video-stream/OpenCV/opencv-2.4.10/build/CMakeFiles/CMakeTmp'
Building C object CMakeFiles/cmTC_0677b.dir/CheckIncludeFile.c.o
/usr/bin/cc   -fsigned-char -W -Wall -Werror=return-type -Werror=address -Werror=sequence-point -Wformat -Werror=format-security -Wmissing-declarations -Wmissing-prototypes -Wstrict-prototypes -Wundef -Winit-self -Wpointer-arith -Wshadow -Wno-narrowing -fdiagnostics-show-option -Wno-long-long -pthread -fomit-frame-pointer -msse -msse2 -msse3 -ffunction-sections  -O3 -DNDEBUG   -o CMakeFiles/cmTC_0677b.dir/CheckIncludeFile.c.o   -c /home/zaverichintan/Downloads/file-video-stream/OpenCV/opencv-2.4.10/build/CMakeFiles/CMakeTmp/CheckIncludeFile.c
/home/zaverichintan/Downloads/file-video-stream/OpenCV/opencv-2.4.10/build/CMakeFiles/CMakeTmp/CheckIncludeFile.c:1:10: fatal error: io.h: No such file or directory
 #include <io.h>
          ^~~~~~
compilation terminated.
CMakeFiles/cmTC_0677b.dir/build.make:65: recipe for target 'CMakeFiles/cmTC_0677b.dir/CheckIncludeFile.c.o' failed
make[1]: *** [CMakeFiles/cmTC_0677b.dir/CheckIncludeFile.c.o] Error 1
make[1]: Leaving directory '/home/zaverichintan/Downloads/file-video-stream/OpenCV/opencv-2.4.10/build/CMakeFiles/CMakeTmp'
Makefile:126: recipe for target 'cmTC_0677b/fast' failed
make: *** [cmTC_0677b/fast] Error 2


Determining if the function jbg_newlen exists failed with the following output:
Change Dir: /home/zaverichintan/Downloads/file-video-stream/OpenCV/opencv-2.4.10/build/CMakeFiles/CMakeTmp

Run Build Command:"/usr/bin/make" "cmTC_de5ae/fast"
/usr/bin/make -f CMakeFiles/cmTC_de5ae.dir/build.make CMakeFiles/cmTC_de5ae.dir/build
make[1]: Entering directory '/home/zaverichintan/Downloads/file-video-stream/OpenCV/opencv-2.4.10/build/CMakeFiles/CMakeTmp'
Building C object CMakeFiles/cmTC_de5ae.dir/CheckFunctionExists.c.o
/usr/bin/cc   -fsigned-char -W -Wall -Werror=return-type -Werror=address -Werror=sequence-point -Wformat -Werror=format-security -Wmissing-declarations -Wmissing-prototypes -Wstrict-prototypes -Wundef -Winit-self -Wpointer-arith -Wshadow -Wno-narrowing -fdiagnostics-show-option -Wno-long-long -pthread -fomit-frame-pointer -msse -msse2 -msse3 -ffunction-sections -DCHECK_FUNCTION_EXISTS=jbg_newlen -O3 -DNDEBUG   -o CMakeFiles/cmTC_de5ae.dir/CheckFunctionExists.c.o   -c /usr/share/cmake-3.9/Modules/CheckFunctionExists.c
Linking C executable cmTC_de5ae
/usr/bin/cmake -E cmake_link_script CMakeFiles/cmTC_de5ae.dir/link.txt --verbose=1
/usr/bin/cc    -fsigned-char -W -Wall -Werror=return-type -Werror=address -Werror=sequence-point -Wformat -Werror=format-security -Wmissing-declarations -Wmissing-prototypes -Wstrict-prototypes -Wundef -Winit-self -Wpointer-arith -Wshadow -Wno-narrowing -fdiagnostics-show-option -Wno-long-long -pthread -fomit-frame-pointer -msse -msse2 -msse3 -ffunction-sections -DCHECK_FUNCTION_EXISTS=jbg_newlen -O3 -DNDEBUG    -rdynamic CMakeFiles/cmTC_de5ae.dir/CheckFunctionExists.c.o  -o cmTC_de5ae 
CMakeFiles/cmTC_de5ae.dir/CheckFunctionExists.c.o: In function `main':
CheckFunctionExists.c:(.text.startup.main+0xc): undefined reference to `jbg_newlen'
collect2: error: ld returned 1 exit status
CMakeFiles/cmTC_de5ae.dir/build.make:97: recipe for target 'cmTC_de5ae' failed
make[1]: *** [cmTC_de5ae] Error 1
make[1]: Leaving directory '/home/zaverichintan/Downloads/file-video-stream/OpenCV/opencv-2.4.10/build/CMakeFiles/CMakeTmp'
Makefile:126: recipe for target 'cmTC_de5ae/fast' failed
make: *** [cmTC_de5ae/fast] Error 2


Determining if the include file linux/videodev.h exists failed with the following output:
Change Dir: /home/zaverichintan/Downloads/file-video-stream/OpenCV/opencv-2.4.10/build/CMakeFiles/CMakeTmp

Run Build Command:"/usr/bin/make" "cmTC_cbc63/fast"
/usr/bin/make -f CMakeFiles/cmTC_cbc63.dir/build.make CMakeFiles/cmTC_cbc63.dir/build
make[1]: Entering directory '/home/zaverichintan/Downloads/file-video-stream/OpenCV/opencv-2.4.10/build/CMakeFiles/CMakeTmp'
Building C object CMakeFiles/cmTC_cbc63.dir/CheckIncludeFile.c.o
/usr/bin/cc   -fsigned-char -W -Wall -Werror=return-type -Werror=address -Werror=sequence-point -Wformat -Werror=format-security -Wmissing-declarations -Wmissing-prototypes -Wstrict-prototypes -Wundef -Winit-self -Wpointer-arith -Wshadow -Wno-narrowing -fdiagnostics-show-option -Wno-long-long -pthread -fomit-frame-pointer -msse -msse2 -msse3 -ffunction-sections  -O3 -DNDEBUG   -o CMakeFiles/cmTC_cbc63.dir/CheckIncludeFile.c.o   -c /home/zaverichintan/Downloads/file-video-stream/OpenCV/opencv-2.4.10/build/CMakeFiles/CMakeTmp/CheckIncludeFile.c
/home/zaverichintan/Downloads/file-video-stream/OpenCV/opencv-2.4.10/build/CMakeFiles/CMakeTmp/CheckIncludeFile.c:1:10: fatal error: linux/videodev.h: No such file or directory
 #include <linux/videodev.h>
          ^~~~~~~~~~~~~~~~~~
compilation terminated.
CMakeFiles/cmTC_cbc63.dir/build.make:65: recipe for target 'CMakeFiles/cmTC_cbc63.dir/CheckIncludeFile.c.o' failed
make[1]: *** [CMakeFiles/cmTC_cbc63.dir/CheckIncludeFile.c.o] Error 1
make[1]: Leaving directory '/home/zaverichintan/Downloads/file-video-stream/OpenCV/opencv-2.4.10/build/CMakeFiles/CMakeTmp'
Makefile:126: recipe for target 'cmTC_cbc63/fast' failed
make: *** [cmTC_cbc63/fast] Error 2


Determining if the include file sys/videoio.h exists failed with the following output:
Change Dir: /home/zaverichintan/Downloads/file-video-stream/OpenCV/opencv-2.4.10/build/CMakeFiles/CMakeTmp

Run Build Command:"/usr/bin/make" "cmTC_36539/fast"
/usr/bin/make -f CMakeFiles/cmTC_36539.dir/build.make CMakeFiles/cmTC_36539.dir/build
make[1]: Entering directory '/home/zaverichintan/Downloads/file-video-stream/OpenCV/opencv-2.4.10/build/CMakeFiles/CMakeTmp'
Building C object CMakeFiles/cmTC_36539.dir/CheckIncludeFile.c.o
/usr/bin/cc   -fsigned-char -W -Wall -Werror=return-type -Werror=address -Werror=sequence-point -Wformat -Werror=format-security -Wmissing-declarations -Wmissing-prototypes -Wstrict-prototypes -Wundef -Winit-self -Wpointer-arith -Wshadow -Wno-narrowing -fdiagnostics-show-option -Wno-long-long -pthread -fomit-frame-pointer -msse -msse2 -msse3 -ffunction-sections  -O3 -DNDEBUG   -o CMakeFiles/cmTC_36539.dir/CheckIncludeFile.c.o   -c /home/zaverichintan/Downloads/file-video-stream/OpenCV/opencv-2.4.10/build/CMakeFiles/CMakeTmp/CheckIncludeFile.c
/home/zaverichintan/Downloads/file-video-stream/OpenCV/opencv-2.4.10/build/CMakeFiles/CMakeTmp/CheckIncludeFile.c:1:10: fatal error: sys/videoio.h: No such file or directory
 #include <sys/videoio.h>
          ^~~~~~~~~~~~~~~
compilation terminated.
CMakeFiles/cmTC_36539.dir/build.make:65: recipe for target 'CMakeFiles/cmTC_36539.dir/CheckIncludeFile.c.o' failed
make[1]: *** [CMakeFiles/cmTC_36539.dir/CheckIncludeFile.c.o] Error 1
make[1]: Leaving directory '/home/zaverichintan/Downloads/file-video-stream/OpenCV/opencv-2.4.10/build/CMakeFiles/CMakeTmp'
Makefile:126: recipe for target 'cmTC_36539/fast' failed
make: *** [cmTC_36539/fast] Error 2


Determining if the include file ffmpeg/avformat.h exists failed with the following output:
Change Dir: /home/zaverichintan/Downloads/file-video-stream/OpenCV/opencv-2.4.10/build/CMakeFiles/CMakeTmp

Run Build Command:"/usr/bin/make" "cmTC_aa07a/fast"
/usr/bin/make -f CMakeFiles/cmTC_aa07a.dir/build.make CMakeFiles/cmTC_aa07a.dir/build
make[1]: Entering directory '/home/zaverichintan/Downloads/file-video-stream/OpenCV/opencv-2.4.10/build/CMakeFiles/CMakeTmp'
Building C object CMakeFiles/cmTC_aa07a.dir/CheckIncludeFile.c.o
/usr/bin/cc   -fsigned-char -W -Wall -Werror=return-type -Werror=address -Werror=sequence-point -Wformat -Werror=format-security -Wmissing-declarations -Wmissing-prototypes -Wstrict-prototypes -Wundef -Winit-self -Wpointer-arith -Wshadow -Wno-narrowing -fdiagnostics-show-option -Wno-long-long -pthread -fomit-frame-pointer -msse -msse2 -msse3 -ffunction-sections  -O3 -DNDEBUG   -o CMakeFiles/cmTC_aa07a.dir/CheckIncludeFile.c.o   -c /home/zaverichintan/Downloads/file-video-stream/OpenCV/opencv-2.4.10/build/CMakeFiles/CMakeTmp/CheckIncludeFile.c
/home/zaverichintan/Downloads/file-video-stream/OpenCV/opencv-2.4.10/build/CMakeFiles/CMakeTmp/CheckIncludeFile.c:1:10: fatal error: ffmpeg/avformat.h: No such file or directory
 #include <ffmpeg/avformat.h>
          ^~~~~~~~~~~~~~~~~~~
compilation terminated.
CMakeFiles/cmTC_aa07a.dir/build.make:65: recipe for target 'CMakeFiles/cmTC_aa07a.dir/CheckIncludeFile.c.o' failed
make[1]: *** [CMakeFiles/cmTC_aa07a.dir/CheckIncludeFile.c.o] Error 1
make[1]: Leaving directory '/home/zaverichintan/Downloads/file-video-stream/OpenCV/opencv-2.4.10/build/CMakeFiles/CMakeTmp'
Makefile:126: recipe for target 'cmTC_aa07a/fast' failed
make: *** [cmTC_aa07a/fast] Error 2


Determining if the include file linux/videodev.h exists failed with the following output:
Change Dir: /home/zaverichintan/Downloads/file-video-stream/OpenCV/opencv-2.4.10/build/CMakeFiles/CMakeTmp

Run Build Command:"/usr/bin/make" "cmTC_b4b4e/fast"
/usr/bin/make -f CMakeFiles/cmTC_b4b4e.dir/build.make CMakeFiles/cmTC_b4b4e.dir/build
make[1]: Entering directory '/home/zaverichintan/Downloads/file-video-stream/OpenCV/opencv-2.4.10/build/CMakeFiles/CMakeTmp'
Building C object CMakeFiles/cmTC_b4b4e.dir/CheckIncludeFile.c.o
/usr/bin/cc   -fsigned-char -W -Wall -Werror=return-type -Werror=address -Werror=sequence-point -Wformat -Werror=format-security -Wmissing-declarations -Wmissing-prototypes -Wstrict-prototypes -Wundef -Winit-self -Wpointer-arith -Wshadow -Wno-narrowing -fdiagnostics-show-option -Wno-long-long -pthread -fomit-frame-pointer -msse -msse2 -msse3 -ffunction-sections  -O3 -DNDEBUG   -o CMakeFiles/cmTC_b4b4e.dir/CheckIncludeFile.c.o   -c /home/zaverichintan/Downloads/file-video-stream/OpenCV/opencv-2.4.10/build/CMakeFiles/CMakeTmp/CheckIncludeFile.c
/home/zaverichintan/Downloads/file-video-stream/OpenCV/opencv-2.4.10/build/CMakeFiles/CMakeTmp/CheckIncludeFile.c:1:10: fatal error: linux/videodev.h: No such file or directory
 #include <linux/videodev.h>
          ^~~~~~~~~~~~~~~~~~
compilation terminated.
CMakeFiles/cmTC_b4b4e.dir/build.make:65: recipe for target 'CMakeFiles/cmTC_b4b4e.dir/CheckIncludeFile.c.o' failed
make[1]: *** [CMakeFiles/cmTC_b4b4e.dir/CheckIncludeFile.c.o] Error 1
make[1]: Leaving directory '/home/zaverichintan/Downloads/file-video-stream/OpenCV/opencv-2.4.10/build/CMakeFiles/CMakeTmp'
Makefile:126: recipe for target 'cmTC_b4b4e/fast' failed
make: *** [cmTC_b4b4e/fast] Error 2


Determining if the include file sys/videoio.h exists failed with the following output:
Change Dir: /home/zaverichintan/Downloads/file-video-stream/OpenCV/opencv-2.4.10/build/CMakeFiles/CMakeTmp

Run Build Command:"/usr/bin/make" "cmTC_efe72/fast"
/usr/bin/make -f CMakeFiles/cmTC_efe72.dir/build.make CMakeFiles/cmTC_efe72.dir/build
make[1]: Entering directory '/home/zaverichintan/Downloads/file-video-stream/OpenCV/opencv-2.4.10/build/CMakeFiles/CMakeTmp'
Building C object CMakeFiles/cmTC_efe72.dir/CheckIncludeFile.c.o
/usr/bin/cc   -fsigned-char -W -Wall -Werror=return-type -Werror=address -Werror=sequence-point -Wformat -Werror=format-security -Wmissing-declarations -Wmissing-prototypes -Wstrict-prototypes -Wundef -Winit-self -Wpointer-arith -Wshadow -Wno-narrowing -fdiagnostics-show-option -Wno-long-long -pthread -fomit-frame-pointer -msse -msse2 -msse3 -ffunction-sections  -O3 -DNDEBUG   -o CMakeFiles/cmTC_efe72.dir/CheckIncludeFile.c.o   -c /home/zaverichintan/Downloads/file-video-stream/OpenCV/opencv-2.4.10/build/CMakeFiles/CMakeTmp/CheckIncludeFile.c
/home/zaverichintan/Downloads/file-video-stream/OpenCV/opencv-2.4.10/build/CMakeFiles/CMakeTmp/CheckIncludeFile.c:1:10: fatal error: sys/videoio.h: No such file or directory
 #include <sys/videoio.h>
          ^~~~~~~~~~~~~~~
compilation terminated.
CMakeFiles/cmTC_efe72.dir/build.make:65: recipe for target 'CMakeFiles/cmTC_efe72.dir/CheckIncludeFile.c.o' failed
make[1]: *** [CMakeFiles/cmTC_efe72.dir/CheckIncludeFile.c.o] Error 1
make[1]: Leaving directory '/home/zaverichintan/Downloads/file-video-stream/OpenCV/opencv-2.4.10/build/CMakeFiles/CMakeTmp'
Makefile:126: recipe for target 'cmTC_efe72/fast' failed
make: *** [cmTC_efe72/fast] Error 2


Determining if the include file ffmpeg/avformat.h exists failed with the following output:
Change Dir: /home/zaverichintan/Downloads/file-video-stream/OpenCV/opencv-2.4.10/build/CMakeFiles/CMakeTmp

Run Build Command:"/usr/bin/make" "cmTC_77760/fast"
/usr/bin/make -f CMakeFiles/cmTC_77760.dir/build.make CMakeFiles/cmTC_77760.dir/build
make[1]: Entering directory '/home/zaverichintan/Downloads/file-video-stream/OpenCV/opencv-2.4.10/build/CMakeFiles/CMakeTmp'
Building C object CMakeFiles/cmTC_77760.dir/CheckIncludeFile.c.o
/usr/bin/cc   -fsigned-char -W -Wall -Werror=return-type -Werror=address -Werror=sequence-point -Wformat -Werror=format-security -Wmissing-declarations -Wmissing-prototypes -Wstrict-prototypes -Wundef -Winit-self -Wpointer-arith -Wshadow -Wno-narrowing -fdiagnostics-show-option -Wno-long-long -pthread -fomit-frame-pointer -msse -msse2 -msse3 -ffunction-sections  -O3 -DNDEBUG   -o CMakeFiles/cmTC_77760.dir/CheckIncludeFile.c.o   -c /home/zaverichintan/Downloads/file-video-stream/OpenCV/opencv-2.4.10/build/CMakeFiles/CMakeTmp/CheckIncludeFile.c
/home/zaverichintan/Downloads/file-video-stream/OpenCV/opencv-2.4.10/build/CMakeFiles/CMakeTmp/CheckIncludeFile.c:1:10: fatal error: ffmpeg/avformat.h: No such file or directory
 #include <ffmpeg/avformat.h>
          ^~~~~~~~~~~~~~~~~~~
compilation terminated.
CMakeFiles/cmTC_77760.dir/build.make:65: recipe for target 'CMakeFiles/cmTC_77760.dir/CheckIncludeFile.c.o' failed
make[1]: *** [CMakeFiles/cmTC_77760.dir/CheckIncludeFile.c.o] Error 1
make[1]: Leaving directory '/home/zaverichintan/Downloads/file-video-stream/OpenCV/opencv-2.4.10/build/CMakeFiles/CMakeTmp'
Makefile:126: recipe for target 'cmTC_77760/fast' failed
make: *** [cmTC_77760/fast] Error 2


Determining if the include file linux/videodev.h exists failed with the following output:
Change Dir: /home/zaverichintan/Downloads/file-video-stream/OpenCV/opencv-2.4.10/build/CMakeFiles/CMakeTmp

Run Build Command:"/usr/bin/make" "cmTC_245ce/fast"
/usr/bin/make -f CMakeFiles/cmTC_245ce.dir/build.make CMakeFiles/cmTC_245ce.dir/build
make[1]: Entering directory '/home/zaverichintan/Downloads/file-video-stream/OpenCV/opencv-2.4.10/build/CMakeFiles/CMakeTmp'
Building C object CMakeFiles/cmTC_245ce.dir/CheckIncludeFile.c.o
/usr/bin/cc   -fsigned-char -W -Wall -Werror=return-type -Werror=address -Werror=sequence-point -Wformat -Werror=format-security -Wmissing-declarations -Wmissing-prototypes -Wstrict-prototypes -Wundef -Winit-self -Wpointer-arith -Wshadow -Wno-narrowing -fdiagnostics-show-option -Wno-long-long -pthread -fomit-frame-pointer -msse -msse2 -msse3 -ffunction-sections  -O3 -DNDEBUG   -o CMakeFiles/cmTC_245ce.dir/CheckIncludeFile.c.o   -c /home/zaverichintan/Downloads/file-video-stream/OpenCV/opencv-2.4.10/build/CMakeFiles/CMakeTmp/CheckIncludeFile.c
/home/zaverichintan/Downloads/file-video-stream/OpenCV/opencv-2.4.10/build/CMakeFiles/CMakeTmp/CheckIncludeFile.c:1:10: fatal error: linux/videodev.h: No such file or directory
 #include <linux/videodev.h>
          ^~~~~~~~~~~~~~~~~~
compilation terminated.
CMakeFiles/cmTC_245ce.dir/build.make:65: recipe for target 'CMakeFiles/cmTC_245ce.dir/CheckIncludeFile.c.o' failed
make[1]: *** [CMakeFiles/cmTC_245ce.dir/CheckIncludeFile.c.o] Error 1
make[1]: Leaving directory '/home/zaverichintan/Downloads/file-video-stream/OpenCV/opencv-2.4.10/build/CMakeFiles/CMakeTmp'
Makefile:126: recipe for target 'cmTC_245ce/fast' failed
make: *** [cmTC_245ce/fast] Error 2


Determining if the include file sys/videoio.h exists failed with the following output:
Change Dir: /home/zaverichintan/Downloads/file-video-stream/OpenCV/opencv-2.4.10/build/CMakeFiles/CMakeTmp

Run Build Command:"/usr/bin/make" "cmTC_cdd1f/fast"
/usr/bin/make -f CMakeFiles/cmTC_cdd1f.dir/build.make CMakeFiles/cmTC_cdd1f.dir/build
make[1]: Entering directory '/home/zaverichintan/Downloads/file-video-stream/OpenCV/opencv-2.4.10/build/CMakeFiles/CMakeTmp'
Building C object CMakeFiles/cmTC_cdd1f.dir/CheckIncludeFile.c.o
/usr/bin/cc   -fsigned-char -W -Wall -Werror=return-type -Werror=address -Werror=sequence-point -Wformat -Werror=format-security -Wmissing-declarations -Wmissing-prototypes -Wstrict-prototypes -Wundef -Winit-self -Wpointer-arith -Wshadow -Wno-narrowing -fdiagnostics-show-option -Wno-long-long -pthread -fomit-frame-pointer -msse -msse2 -msse3 -ffunction-sections  -O3 -DNDEBUG   -o CMakeFiles/cmTC_cdd1f.dir/CheckIncludeFile.c.o   -c /home/zaverichintan/Downloads/file-video-stream/OpenCV/opencv-2.4.10/build/CMakeFiles/CMakeTmp/CheckIncludeFile.c
/home/zaverichintan/Downloads/file-video-stream/OpenCV/opencv-2.4.10/build/CMakeFiles/CMakeTmp/CheckIncludeFile.c:1:10: fatal error: sys/videoio.h: No such file or directory
 #include <sys/videoio.h>
          ^~~~~~~~~~~~~~~
compilation terminated.
CMakeFiles/cmTC_cdd1f.dir/build.make:65: recipe for target 'CMakeFiles/cmTC_cdd1f.dir/CheckIncludeFile.c.o' failed
make[1]: *** [CMakeFiles/cmTC_cdd1f.dir/CheckIncludeFile.c.o] Error 1
make[1]: Leaving directory '/home/zaverichintan/Downloads/file-video-stream/OpenCV/opencv-2.4.10/build/CMakeFiles/CMakeTmp'
Makefile:126: recipe for target 'cmTC_cdd1f/fast' failed
make: *** [cmTC_cdd1f/fast] Error 2


Determining if the include file ffmpeg/avformat.h exists failed with the following output:
Change Dir: /home/zaverichintan/Downloads/file-video-stream/OpenCV/opencv-2.4.10/build/CMakeFiles/CMakeTmp

Run Build Command:"/usr/bin/make" "cmTC_207b8/fast"
/usr/bin/make -f CMakeFiles/cmTC_207b8.dir/build.make CMakeFiles/cmTC_207b8.dir/build
make[1]: Entering directory '/home/zaverichintan/Downloads/file-video-stream/OpenCV/opencv-2.4.10/build/CMakeFiles/CMakeTmp'
Building C object CMakeFiles/cmTC_207b8.dir/CheckIncludeFile.c.o
/usr/bin/cc   -fsigned-char -W -Wall -Werror=return-type -Werror=address -Werror=sequence-point -Wformat -Werror=format-security -Wmissing-declarations -Wmissing-prototypes -Wstrict-prototypes -Wundef -Winit-self -Wpointer-arith -Wshadow -Wno-narrowing -fdiagnostics-show-option -Wno-long-long -pthread -fomit-frame-pointer -msse -msse2 -msse3 -ffunction-sections  -O3 -DNDEBUG   -o CMakeFiles/cmTC_207b8.dir/CheckIncludeFile.c.o   -c /home/zaverichintan/Downloads/file-video-stream/OpenCV/opencv-2.4.10/build/CMakeFiles/CMakeTmp/CheckIncludeFile.c
/home/zaverichintan/Downloads/file-video-stream/OpenCV/opencv-2.4.10/build/CMakeFiles/CMakeTmp/CheckIncludeFile.c:1:10: fatal error: ffmpeg/avformat.h: No such file or directory
 #include <ffmpeg/avformat.h>
          ^~~~~~~~~~~~~~~~~~~
compilation terminated.
CMakeFiles/cmTC_207b8.dir/build.make:65: recipe for target 'CMakeFiles/cmTC_207b8.dir/CheckIncludeFile.c.o' failed
make[1]: *** [CMakeFiles/cmTC_207b8.dir/CheckIncludeFile.c.o] Error 1
make[1]: Leaving directory '/home/zaverichintan/Downloads/file-video-stream/OpenCV/opencv-2.4.10/build/CMakeFiles/CMakeTmp'
Makefile:126: recipe for target 'cmTC_207b8/fast' failed
make: *** [cmTC_207b8/fast] Error 2


Determining if the include file linux/videodev.h exists failed with the following output:
Change Dir: /home/zaverichintan/Downloads/file-video-stream/OpenCV/opencv-2.4.10/build/CMakeFiles/CMakeTmp

Run Build Command:"/usr/bin/make" "cmTC_b29c8/fast"
/usr/bin/make -f CMakeFiles/cmTC_b29c8.dir/build.make CMakeFiles/cmTC_b29c8.dir/build
make[1]: Entering directory '/home/zaverichintan/Downloads/file-video-stream/OpenCV/opencv-2.4.10/build/CMakeFiles/CMakeTmp'
Building C object CMakeFiles/cmTC_b29c8.dir/CheckIncludeFile.c.o
/usr/bin/cc   -fsigned-char -W -Wall -Werror=return-type -Werror=address -Werror=sequence-point -Wformat -Werror=format-security -Wmissing-declarations -Wmissing-prototypes -Wstrict-prototypes -Wundef -Winit-self -Wpointer-arith -Wshadow -Wno-narrowing -fdiagnostics-show-option -Wno-long-long -pthread -fomit-frame-pointer -msse -msse2 -msse3 -ffunction-sections  -O3 -DNDEBUG   -o CMakeFiles/cmTC_b29c8.dir/CheckIncludeFile.c.o   -c /home/zaverichintan/Downloads/file-video-stream/OpenCV/opencv-2.4.10/build/CMakeFiles/CMakeTmp/CheckIncludeFile.c
/home/zaverichintan/Downloads/file-video-stream/OpenCV/opencv-2.4.10/build/CMakeFiles/CMakeTmp/CheckIncludeFile.c:1:10: fatal error: linux/videodev.h: No such file or directory
 #include <linux/videodev.h>
          ^~~~~~~~~~~~~~~~~~
compilation terminated.
CMakeFiles/cmTC_b29c8.dir/build.make:65: recipe for target 'CMakeFiles/cmTC_b29c8.dir/CheckIncludeFile.c.o' failed
make[1]: *** [CMakeFiles/cmTC_b29c8.dir/CheckIncludeFile.c.o] Error 1
make[1]: Leaving directory '/home/zaverichintan/Downloads/file-video-stream/OpenCV/opencv-2.4.10/build/CMakeFiles/CMakeTmp'
Makefile:126: recipe for target 'cmTC_b29c8/fast' failed
make: *** [cmTC_b29c8/fast] Error 2


Determining if the include file sys/videoio.h exists failed with the following output:
Change Dir: /home/zaverichintan/Downloads/file-video-stream/OpenCV/opencv-2.4.10/build/CMakeFiles/CMakeTmp

Run Build Command:"/usr/bin/make" "cmTC_9031c/fast"
/usr/bin/make -f CMakeFiles/cmTC_9031c.dir/build.make CMakeFiles/cmTC_9031c.dir/build
make[1]: Entering directory '/home/zaverichintan/Downloads/file-video-stream/OpenCV/opencv-2.4.10/build/CMakeFiles/CMakeTmp'
Building C object CMakeFiles/cmTC_9031c.dir/CheckIncludeFile.c.o
/usr/bin/cc   -fsigned-char -W -Wall -Werror=return-type -Werror=address -Werror=sequence-point -Wformat -Werror=format-security -Wmissing-declarations -Wmissing-prototypes -Wstrict-prototypes -Wundef -Winit-self -Wpointer-arith -Wshadow -Wno-narrowing -fdiagnostics-show-option -Wno-long-long -pthread -fomit-frame-pointer -msse -msse2 -msse3 -ffunction-sections  -O3 -DNDEBUG   -o CMakeFiles/cmTC_9031c.dir/CheckIncludeFile.c.o   -c /home/zaverichintan/Downloads/file-video-stream/OpenCV/opencv-2.4.10/build/CMakeFiles/CMakeTmp/CheckIncludeFile.c
/home/zaverichintan/Downloads/file-video-stream/OpenCV/opencv-2.4.10/build/CMakeFiles/CMakeTmp/CheckIncludeFile.c:1:10: fatal error: sys/videoio.h: No such file or directory
 #include <sys/videoio.h>
          ^~~~~~~~~~~~~~~
compilation terminated.
CMakeFiles/cmTC_9031c.dir/build.make:65: recipe for target 'CMakeFiles/cmTC_9031c.dir/CheckIncludeFile.c.o' failed
make[1]: *** [CMakeFiles/cmTC_9031c.dir/CheckIncludeFile.c.o] Error 1
make[1]: Leaving directory '/home/zaverichintan/Downloads/file-video-stream/OpenCV/opencv-2.4.10/build/CMakeFiles/CMakeTmp'
Makefile:126: recipe for target 'cmTC_9031c/fast' failed
make: *** [cmTC_9031c/fast] Error 2


Determining if the include file ffmpeg/avformat.h exists failed with the following output:
Change Dir: /home/zaverichintan/Downloads/file-video-stream/OpenCV/opencv-2.4.10/build/CMakeFiles/CMakeTmp

Run Build Command:"/usr/bin/make" "cmTC_37a50/fast"
/usr/bin/make -f CMakeFiles/cmTC_37a50.dir/build.make CMakeFiles/cmTC_37a50.dir/build
make[1]: Entering directory '/home/zaverichintan/Downloads/file-video-stream/OpenCV/opencv-2.4.10/build/CMakeFiles/CMakeTmp'
Building C object CMakeFiles/cmTC_37a50.dir/CheckIncludeFile.c.o
/usr/bin/cc   -fsigned-char -W -Wall -Werror=return-type -Werror=address -Werror=sequence-point -Wformat -Werror=format-security -Wmissing-declarations -Wmissing-prototypes -Wstrict-prototypes -Wundef -Winit-self -Wpointer-arith -Wshadow -Wno-narrowing -fdiagnostics-show-option -Wno-long-long -pthread -fomit-frame-pointer -msse -msse2 -msse3 -ffunction-sections  -O3 -DNDEBUG   -o CMakeFiles/cmTC_37a50.dir/CheckIncludeFile.c.o   -c /home/zaverichintan/Downloads/file-video-stream/OpenCV/opencv-2.4.10/build/CMakeFiles/CMakeTmp/CheckIncludeFile.c
/home/zaverichintan/Downloads/file-video-stream/OpenCV/opencv-2.4.10/build/CMakeFiles/CMakeTmp/CheckIncludeFile.c:1:10: fatal error: ffmpeg/avformat.h: No such file or directory
 #include <ffmpeg/avformat.h>
          ^~~~~~~~~~~~~~~~~~~
compilation terminated.
CMakeFiles/cmTC_37a50.dir/build.make:65: recipe for target 'CMakeFiles/cmTC_37a50.dir/CheckIncludeFile.c.o' failed
make[1]: *** [CMakeFiles/cmTC_37a50.dir/CheckIncludeFile.c.o] Error 1
make[1]: Leaving directory '/home/zaverichintan/Downloads/file-video-stream/OpenCV/opencv-2.4.10/build/CMakeFiles/CMakeTmp'
Makefile:126: recipe for target 'cmTC_37a50/fast' failed
make: *** [cmTC_37a50/fast] Error 2


Determining if the include file linux/videodev.h exists failed with the following output:
Change Dir: /home/zaverichintan/Downloads/file-video-stream/OpenCV/opencv-2.4.10/build/CMakeFiles/CMakeTmp

Run Build Command:"/usr/bin/make" "cmTC_61092/fast"
/usr/bin/make -f CMakeFiles/cmTC_61092.dir/build.make CMakeFiles/cmTC_61092.dir/build
make[1]: Entering directory '/home/zaverichintan/Downloads/file-video-stream/OpenCV/opencv-2.4.10/build/CMakeFiles/CMakeTmp'
Building C object CMakeFiles/cmTC_61092.dir/CheckIncludeFile.c.o
/usr/bin/cc   -fsigned-char -W -Wall -Werror=return-type -Werror=address -Werror=sequence-point -Wformat -Werror=format-security -Wmissing-declarations -Wmissing-prototypes -Wstrict-prototypes -Wundef -Winit-self -Wpointer-arith -Wshadow -Wno-narrowing -fdiagnostics-show-option -Wno-long-long -pthread -fomit-frame-pointer -msse -msse2 -msse3 -ffunction-sections  -O3 -DNDEBUG   -o CMakeFiles/cmTC_61092.dir/CheckIncludeFile.c.o   -c /home/zaverichintan/Downloads/file-video-stream/OpenCV/opencv-2.4.10/build/CMakeFiles/CMakeTmp/CheckIncludeFile.c
/home/zaverichintan/Downloads/file-video-stream/OpenCV/opencv-2.4.10/build/CMakeFiles/CMakeTmp/CheckIncludeFile.c:1:10: fatal error: linux/videodev.h: No such file or directory
 #include <linux/videodev.h>
          ^~~~~~~~~~~~~~~~~~
compilation terminated.
CMakeFiles/cmTC_61092.dir/build.make:65: recipe for target 'CMakeFiles/cmTC_61092.dir/CheckIncludeFile.c.o' failed
make[1]: *** [CMakeFiles/cmTC_61092.dir/CheckIncludeFile.c.o] Error 1
make[1]: Leaving directory '/home/zaverichintan/Downloads/file-video-stream/OpenCV/opencv-2.4.10/build/CMakeFiles/CMakeTmp'
Makefile:126: recipe for target 'cmTC_61092/fast' failed
make: *** [cmTC_61092/fast] Error 2


Determining if the include file sys/videoio.h exists failed with the following output:
Change Dir: /home/zaverichintan/Downloads/file-video-stream/OpenCV/opencv-2.4.10/build/CMakeFiles/CMakeTmp

Run Build Command:"/usr/bin/make" "cmTC_be3ae/fast"
/usr/bin/make -f CMakeFiles/cmTC_be3ae.dir/build.make CMakeFiles/cmTC_be3ae.dir/build
make[1]: Entering directory '/home/zaverichintan/Downloads/file-video-stream/OpenCV/opencv-2.4.10/build/CMakeFiles/CMakeTmp'
Building C object CMakeFiles/cmTC_be3ae.dir/CheckIncludeFile.c.o
/usr/bin/cc   -fsigned-char -W -Wall -Werror=return-type -Werror=address -Werror=sequence-point -Wformat -Werror=format-security -Wmissing-declarations -Wmissing-prototypes -Wstrict-prototypes -Wundef -Winit-self -Wpointer-arith -Wshadow -Wno-narrowing -fdiagnostics-show-option -Wno-long-long -pthread -fomit-frame-pointer -msse -msse2 -msse3 -ffunction-sections  -O3 -DNDEBUG   -o CMakeFiles/cmTC_be3ae.dir/CheckIncludeFile.c.o   -c /home/zaverichintan/Downloads/file-video-stream/OpenCV/opencv-2.4.10/build/CMakeFiles/CMakeTmp/CheckIncludeFile.c
/home/zaverichintan/Downloads/file-video-stream/OpenCV/opencv-2.4.10/build/CMakeFiles/CMakeTmp/CheckIncludeFile.c:1:10: fatal error: sys/videoio.h: No such file or directory
 #include <sys/videoio.h>
          ^~~~~~~~~~~~~~~
compilation terminated.
CMakeFiles/cmTC_be3ae.dir/build.make:65: recipe for target 'CMakeFiles/cmTC_be3ae.dir/CheckIncludeFile.c.o' failed
make[1]: *** [CMakeFiles/cmTC_be3ae.dir/CheckIncludeFile.c.o] Error 1
make[1]: Leaving directory '/home/zaverichintan/Downloads/file-video-stream/OpenCV/opencv-2.4.10/build/CMakeFiles/CMakeTmp'
Makefile:126: recipe for target 'cmTC_be3ae/fast' failed
make: *** [cmTC_be3ae/fast] Error 2


Determining if the include file ffmpeg/avformat.h exists failed with the following output:
Change Dir: /home/zaverichintan/Downloads/file-video-stream/OpenCV/opencv-2.4.10/build/CMakeFiles/CMakeTmp

Run Build Command:"/usr/bin/make" "cmTC_b06a5/fast"
/usr/bin/make -f CMakeFiles/cmTC_b06a5.dir/build.make CMakeFiles/cmTC_b06a5.dir/build
make[1]: Entering directory '/home/zaverichintan/Downloads/file-video-stream/OpenCV/opencv-2.4.10/build/CMakeFiles/CMakeTmp'
Building C object CMakeFiles/cmTC_b06a5.dir/CheckIncludeFile.c.o
/usr/bin/cc   -fsigned-char -W -Wall -Werror=return-type -Werror=address -Werror=sequence-point -Wformat -Werror=format-security -Wmissing-declarations -Wmissing-prototypes -Wstrict-prototypes -Wundef -Winit-self -Wpointer-arith -Wshadow -Wno-narrowing -fdiagnostics-show-option -Wno-long-long -pthread -fomit-frame-pointer -msse -msse2 -msse3 -ffunction-sections  -O3 -DNDEBUG   -o CMakeFiles/cmTC_b06a5.dir/CheckIncludeFile.c.o   -c /home/zaverichintan/Downloads/file-video-stream/OpenCV/opencv-2.4.10/build/CMakeFiles/CMakeTmp/CheckIncludeFile.c
/home/zaverichintan/Downloads/file-video-stream/OpenCV/opencv-2.4.10/build/CMakeFiles/CMakeTmp/CheckIncludeFile.c:1:10: fatal error: ffmpeg/avformat.h: No such file or directory
 #include <ffmpeg/avformat.h>
          ^~~~~~~~~~~~~~~~~~~
compilation terminated.
CMakeFiles/cmTC_b06a5.dir/build.make:65: recipe for target 'CMakeFiles/cmTC_b06a5.dir/CheckIncludeFile.c.o' failed
make[1]: *** [CMakeFiles/cmTC_b06a5.dir/CheckIncludeFile.c.o] Error 1
make[1]: Leaving directory '/home/zaverichintan/Downloads/file-video-stream/OpenCV/opencv-2.4.10/build/CMakeFiles/CMakeTmp'
Makefile:126: recipe for target 'cmTC_b06a5/fast' failed
make: *** [cmTC_b06a5/fast] Error 2


Determining if the include file linux/videodev.h exists failed with the following output:
Change Dir: /home/zaverichintan/Downloads/file-video-stream/OpenCV/opencv-2.4.10/build/CMakeFiles/CMakeTmp

Run Build Command:"/usr/bin/make" "cmTC_38955/fast"
/usr/bin/make -f CMakeFiles/cmTC_38955.dir/build.make CMakeFiles/cmTC_38955.dir/build
make[1]: Entering directory '/home/zaverichintan/Downloads/file-video-stream/OpenCV/opencv-2.4.10/build/CMakeFiles/CMakeTmp'
Building C object CMakeFiles/cmTC_38955.dir/CheckIncludeFile.c.o
/usr/bin/cc   -fsigned-char -W -Wall -Werror=return-type -Werror=address -Werror=sequence-point -Wformat -Werror=format-security -Wmissing-declarations -Wmissing-prototypes -Wstrict-prototypes -Wundef -Winit-self -Wpointer-arith -Wshadow -Wno-narrowing -fdiagnostics-show-option -Wno-long-long -pthread -fomit-frame-pointer -msse -msse2 -msse3 -ffunction-sections  -O3 -DNDEBUG   -o CMakeFiles/cmTC_38955.dir/CheckIncludeFile.c.o   -c /home/zaverichintan/Downloads/file-video-stream/OpenCV/opencv-2.4.10/build/CMakeFiles/CMakeTmp/CheckIncludeFile.c
/home/zaverichintan/Downloads/file-video-stream/OpenCV/opencv-2.4.10/build/CMakeFiles/CMakeTmp/CheckIncludeFile.c:1:10: fatal error: linux/videodev.h: No such file or directory
 #include <linux/videodev.h>
          ^~~~~~~~~~~~~~~~~~
compilation terminated.
CMakeFiles/cmTC_38955.dir/build.make:65: recipe for target 'CMakeFiles/cmTC_38955.dir/CheckIncludeFile.c.o' failed
make[1]: *** [CMakeFiles/cmTC_38955.dir/CheckIncludeFile.c.o] Error 1
make[1]: Leaving directory '/home/zaverichintan/Downloads/file-video-stream/OpenCV/opencv-2.4.10/build/CMakeFiles/CMakeTmp'
Makefile:126: recipe for target 'cmTC_38955/fast' failed
make: *** [cmTC_38955/fast] Error 2


Determining if the include file sys/videoio.h exists failed with the following output:
Change Dir: /home/zaverichintan/Downloads/file-video-stream/OpenCV/opencv-2.4.10/build/CMakeFiles/CMakeTmp

Run Build Command:"/usr/bin/make" "cmTC_091ae/fast"
/usr/bin/make -f CMakeFiles/cmTC_091ae.dir/build.make CMakeFiles/cmTC_091ae.dir/build
make[1]: Entering directory '/home/zaverichintan/Downloads/file-video-stream/OpenCV/opencv-2.4.10/build/CMakeFiles/CMakeTmp'
Building C object CMakeFiles/cmTC_091ae.dir/CheckIncludeFile.c.o
/usr/bin/cc   -fsigned-char -W -Wall -Werror=return-type -Werror=address -Werror=sequence-point -Wformat -Werror=format-security -Wmissing-declarations -Wmissing-prototypes -Wstrict-prototypes -Wundef -Winit-self -Wpointer-arith -Wshadow -Wno-narrowing -fdiagnostics-show-option -Wno-long-long -pthread -fomit-frame-pointer -msse -msse2 -msse3 -ffunction-sections  -O3 -DNDEBUG   -o CMakeFiles/cmTC_091ae.dir/CheckIncludeFile.c.o   -c /home/zaverichintan/Downloads/file-video-stream/OpenCV/opencv-2.4.10/build/CMakeFiles/CMakeTmp/CheckIncludeFile.c
/home/zaverichintan/Downloads/file-video-stream/OpenCV/opencv-2.4.10/build/CMakeFiles/CMakeTmp/CheckIncludeFile.c:1:10: fatal error: sys/videoio.h: No such file or directory
 #include <sys/videoio.h>
          ^~~~~~~~~~~~~~~
compilation terminated.
CMakeFiles/cmTC_091ae.dir/build.make:65: recipe for target 'CMakeFiles/cmTC_091ae.dir/CheckIncludeFile.c.o' failed
make[1]: *** [CMakeFiles/cmTC_091ae.dir/CheckIncludeFile.c.o] Error 1
make[1]: Leaving directory '/home/zaverichintan/Downloads/file-video-stream/OpenCV/opencv-2.4.10/build/CMakeFiles/CMakeTmp'
Makefile:126: recipe for target 'cmTC_091ae/fast' failed
make: *** [cmTC_091ae/fast] Error 2


Determining if the include file ffmpeg/avformat.h exists failed with the following output:
Change Dir: /home/zaverichintan/Downloads/file-video-stream/OpenCV/opencv-2.4.10/build/CMakeFiles/CMakeTmp

Run Build Command:"/usr/bin/make" "cmTC_0bc9f/fast"
/usr/bin/make -f CMakeFiles/cmTC_0bc9f.dir/build.make CMakeFiles/cmTC_0bc9f.dir/build
make[1]: Entering directory '/home/zaverichintan/Downloads/file-video-stream/OpenCV/opencv-2.4.10/build/CMakeFiles/CMakeTmp'
Building C object CMakeFiles/cmTC_0bc9f.dir/CheckIncludeFile.c.o
/usr/bin/cc   -fsigned-char -W -Wall -Werror=return-type -Werror=address -Werror=sequence-point -Wformat -Werror=format-security -Wmissing-declarations -Wmissing-prototypes -Wstrict-prototypes -Wundef -Winit-self -Wpointer-arith -Wshadow -Wno-narrowing -fdiagnostics-show-option -Wno-long-long -pthread -fomit-frame-pointer -msse -msse2 -msse3 -ffunction-sections  -O3 -DNDEBUG   -o CMakeFiles/cmTC_0bc9f.dir/CheckIncludeFile.c.o   -c /home/zaverichintan/Downloads/file-video-stream/OpenCV/opencv-2.4.10/build/CMakeFiles/CMakeTmp/CheckIncludeFile.c
/home/zaverichintan/Downloads/file-video-stream/OpenCV/opencv-2.4.10/build/CMakeFiles/CMakeTmp/CheckIncludeFile.c:1:10: fatal error: ffmpeg/avformat.h: No such file or directory
 #include <ffmpeg/avformat.h>
          ^~~~~~~~~~~~~~~~~~~
compilation terminated.
CMakeFiles/cmTC_0bc9f.dir/build.make:65: recipe for target 'CMakeFiles/cmTC_0bc9f.dir/CheckIncludeFile.c.o' failed
make[1]: *** [CMakeFiles/cmTC_0bc9f.dir/CheckIncludeFile.c.o] Error 1
make[1]: Leaving directory '/home/zaverichintan/Downloads/file-video-stream/OpenCV/opencv-2.4.10/build/CMakeFiles/CMakeTmp'
Makefile:126: recipe for target 'cmTC_0bc9f/fast' failed
make: *** [cmTC_0bc9f/fast] Error 2


Determining if the include file linux/videodev.h exists failed with the following output:
Change Dir: /home/zaverichintan/Downloads/file-video-stream/OpenCV/opencv-2.4.10/build/CMakeFiles/CMakeTmp

Run Build Command:"/usr/bin/make" "cmTC_df568/fast"
/usr/bin/make -f CMakeFiles/cmTC_df568.dir/build.make CMakeFiles/cmTC_df568.dir/build
make[1]: Entering directory '/home/zaverichintan/Downloads/file-video-stream/OpenCV/opencv-2.4.10/build/CMakeFiles/CMakeTmp'
Building C object CMakeFiles/cmTC_df568.dir/CheckIncludeFile.c.o
/usr/bin/cc   -fsigned-char -W -Wall -Werror=return-type -Werror=address -Werror=sequence-point -Wformat -Werror=format-security -Wmissing-declarations -Wmissing-prototypes -Wstrict-prototypes -Wundef -Winit-self -Wpointer-arith -Wshadow -Wno-narrowing -fdiagnostics-show-option -Wno-long-long -pthread -fomit-frame-pointer -msse -msse2 -msse3 -ffunction-sections  -O3 -DNDEBUG   -o CMakeFiles/cmTC_df568.dir/CheckIncludeFile.c.o   -c /home/zaverichintan/Downloads/file-video-stream/OpenCV/opencv-2.4.10/build/CMakeFiles/CMakeTmp/CheckIncludeFile.c
/home/zaverichintan/Downloads/file-video-stream/OpenCV/opencv-2.4.10/build/CMakeFiles/CMakeTmp/CheckIncludeFile.c:1:10: fatal error: linux/videodev.h: No such file or directory
 #include <linux/videodev.h>
          ^~~~~~~~~~~~~~~~~~
compilation terminated.
CMakeFiles/cmTC_df568.dir/build.make:65: recipe for target 'CMakeFiles/cmTC_df568.dir/CheckIncludeFile.c.o' failed
make[1]: *** [CMakeFiles/cmTC_df568.dir/CheckIncludeFile.c.o] Error 1
make[1]: Leaving directory '/home/zaverichintan/Downloads/file-video-stream/OpenCV/opencv-2.4.10/build/CMakeFiles/CMakeTmp'
Makefile:126: recipe for target 'cmTC_df568/fast' failed
make: *** [cmTC_df568/fast] Error 2


Determining if the include file sys/videoio.h exists failed with the following output:
Change Dir: /home/zaverichintan/Downloads/file-video-stream/OpenCV/opencv-2.4.10/build/CMakeFiles/CMakeTmp

Run Build Command:"/usr/bin/make" "cmTC_d6809/fast"
/usr/bin/make -f CMakeFiles/cmTC_d6809.dir/build.make CMakeFiles/cmTC_d6809.dir/build
make[1]: Entering directory '/home/zaverichintan/Downloads/file-video-stream/OpenCV/opencv-2.4.10/build/CMakeFiles/CMakeTmp'
Building C object CMakeFiles/cmTC_d6809.dir/CheckIncludeFile.c.o
/usr/bin/cc   -fsigned-char -W -Wall -Werror=return-type -Werror=address -Werror=sequence-point -Wformat -Werror=format-security -Wmissing-declarations -Wmissing-prototypes -Wstrict-prototypes -Wundef -Winit-self -Wpointer-arith -Wshadow -Wno-narrowing -fdiagnostics-show-option -Wno-long-long -pthread -fomit-frame-pointer -msse -msse2 -msse3 -ffunction-sections  -O3 -DNDEBUG   -o CMakeFiles/cmTC_d6809.dir/CheckIncludeFile.c.o   -c /home/zaverichintan/Downloads/file-video-stream/OpenCV/opencv-2.4.10/build/CMakeFiles/CMakeTmp/CheckIncludeFile.c
/home/zaverichintan/Downloads/file-video-stream/OpenCV/opencv-2.4.10/build/CMakeFiles/CMakeTmp/CheckIncludeFile.c:1:10: fatal error: sys/videoio.h: No such file or directory
 #include <sys/videoio.h>
          ^~~~~~~~~~~~~~~
compilation terminated.
CMakeFiles/cmTC_d6809.dir/build.make:65: recipe for target 'CMakeFiles/cmTC_d6809.dir/CheckIncludeFile.c.o' failed
make[1]: *** [CMakeFiles/cmTC_d6809.dir/CheckIncludeFile.c.o] Error 1
make[1]: Leaving directory '/home/zaverichintan/Downloads/file-video-stream/OpenCV/opencv-2.4.10/build/CMakeFiles/CMakeTmp'
Makefile:126: recipe for target 'cmTC_d6809/fast' failed
make: *** [cmTC_d6809/fast] Error 2


Determining if the include file ffmpeg/avformat.h exists failed with the following output:
Change Dir: /home/zaverichintan/Downloads/file-video-stream/OpenCV/opencv-2.4.10/build/CMakeFiles/CMakeTmp

Run Build Command:"/usr/bin/make" "cmTC_5c80f/fast"
/usr/bin/make -f CMakeFiles/cmTC_5c80f.dir/build.make CMakeFiles/cmTC_5c80f.dir/build
make[1]: Entering directory '/home/zaverichintan/Downloads/file-video-stream/OpenCV/opencv-2.4.10/build/CMakeFiles/CMakeTmp'
Building C object CMakeFiles/cmTC_5c80f.dir/CheckIncludeFile.c.o
/usr/bin/cc   -fsigned-char -W -Wall -Werror=return-type -Werror=address -Werror=sequence-point -Wformat -Werror=format-security -Wmissing-declarations -Wmissing-prototypes -Wstrict-prototypes -Wundef -Winit-self -Wpointer-arith -Wshadow -Wno-narrowing -fdiagnostics-show-option -Wno-long-long -pthread -fomit-frame-pointer -msse -msse2 -msse3 -ffunction-sections  -O3 -DNDEBUG   -o CMakeFiles/cmTC_5c80f.dir/CheckIncludeFile.c.o   -c /home/zaverichintan/Downloads/file-video-stream/OpenCV/opencv-2.4.10/build/CMakeFiles/CMakeTmp/CheckIncludeFile.c
/home/zaverichintan/Downloads/file-video-stream/OpenCV/opencv-2.4.10/build/CMakeFiles/CMakeTmp/CheckIncludeFile.c:1:10: fatal error: ffmpeg/avformat.h: No such file or directory
 #include <ffmpeg/avformat.h>
          ^~~~~~~~~~~~~~~~~~~
compilation terminated.
CMakeFiles/cmTC_5c80f.dir/build.make:65: recipe for target 'CMakeFiles/cmTC_5c80f.dir/CheckIncludeFile.c.o' failed
make[1]: *** [CMakeFiles/cmTC_5c80f.dir/CheckIncludeFile.c.o] Error 1
make[1]: Leaving directory '/home/zaverichintan/Downloads/file-video-stream/OpenCV/opencv-2.4.10/build/CMakeFiles/CMakeTmp'
Makefile:126: recipe for target 'cmTC_5c80f/fast' failed
make: *** [cmTC_5c80f/fast] Error 2


